<?xml version="1.0" encoding="UTF-8"?>
<testsuite name="com.example.testit.AuthIntegrationTest" tests="4" skipped="0" failures="0" errors="0" timestamp="2026-02-16T10:57:07.807Z" hostname="DESKTOP-C8HVL3M" time="2.673">
  <properties/>
  <testcase name="admin_canDELETE()" classname="com.example.testit.AuthIntegrationTest" time="1.478"/>
  <testcase name="manager_canPOST_but_cannotDELETE()" classname="com.example.testit.AuthIntegrationTest" time="0.517"/>
  <testcase name="user_canGET_but_cannotPOST_or_DELETE()" classname="com.example.testit.AuthIntegrationTest" time="0.454"/>
  <testcase name="shouldReturn401_whenNoAuth()" classname="com.example.testit.AuthIntegrationTest" time="0.22"/>
  <system-out><![CDATA[11:57:01.326 [Test worker] INFO org.springframework.test.context.support.AnnotationConfigContextLoaderUtils -- Could not detect default configuration classes for test class [com.example.testit.AuthIntegrationTest]: AuthIntegrationTest does not declare any static, non-private, non-final, nested classes annotated with @Configuration.
11:57:01.449 [Test worker] INFO org.springframework.boot.test.context.SpringBootTestContextBootstrapper -- Found @SpringBootConfiguration com.example.testit.TestItApplication for test class com.example.testit.AuthIntegrationTest

  .   ____          _            __ _ _
 /\\ / ___'_ __ _ _(_)_ __  __ _ \ \ \ \
( ( )\___ | '_ | '_| | '_ \/ _` | \ \ \ \
 \\/  ___)| |_)| | | | | || (_| |  ) ) ) )
  '  |____| .__|_| |_|_| |_\__, | / / / /
 =========|_|==============|___/=/_/_/_/
 :: Spring Boot ::                (v3.2.0)

2026-02-16T11:57:01.846+01:00  INFO 14028 --- [    Test worker] com.example.testit.AuthIntegrationTest   : Starting AuthIntegrationTest using Java 21.0.8 with PID 14028 (started by HP in C:\Users\HP\test-it)
2026-02-16T11:57:01.847+01:00  INFO 14028 --- [    Test worker] com.example.testit.AuthIntegrationTest   : No active profile set, falling back to 1 default profile: "default"
2026-02-16T11:57:02.451+01:00  INFO 14028 --- [    Test worker] .s.d.r.c.RepositoryConfigurationDelegate : Bootstrapping Spring Data JPA repositories in DEFAULT mode.
2026-02-16T11:57:02.512+01:00  INFO 14028 --- [    Test worker] .s.d.r.c.RepositoryConfigurationDelegate : Finished Spring Data repository scanning in 48 ms. Found 2 JPA repository interfaces.
2026-02-16T11:57:03.080+01:00  INFO 14028 --- [    Test worker] o.hibernate.jpa.internal.util.LogHelper  : HHH000204: Processing PersistenceUnitInfo [name: default]
2026-02-16T11:57:03.175+01:00  INFO 14028 --- [    Test worker] org.hibernate.Version                    : HHH000412: Hibernate ORM core version 6.3.1.Final
2026-02-16T11:57:03.242+01:00  INFO 14028 --- [    Test worker] o.h.c.internal.RegionFactoryInitiator    : HHH000026: Second-level cache disabled
2026-02-16T11:57:03.658+01:00  INFO 14028 --- [    Test worker] o.s.o.j.p.SpringPersistenceUnitInfo      : No LoadTimeWeaver setup: ignoring JPA class transformer
2026-02-16T11:57:03.709+01:00  INFO 14028 --- [    Test worker] com.zaxxer.hikari.HikariDataSource       : HikariPool-1 - Starting...
2026-02-16T11:57:03.990+01:00  INFO 14028 --- [    Test worker] com.zaxxer.hikari.pool.HikariPool        : HikariPool-1 - Added connection conn0: url=jdbc:h2:mem:testdb user=SA
2026-02-16T11:57:03.993+01:00  INFO 14028 --- [    Test worker] com.zaxxer.hikari.HikariDataSource       : HikariPool-1 - Start completed.
2026-02-16T11:57:04.037+01:00  WARN 14028 --- [    Test worker] org.hibernate.orm.deprecation            : HHH90000025: H2Dialect does not need to be specified explicitly using 'hibernate.dialect' (remove the property setting and it will be selected by default)
2026-02-16T11:57:05.003+01:00  INFO 14028 --- [    Test worker] o.h.e.t.j.p.i.JtaPlatformInitiator       : HHH000489: No JTA platform available (set 'hibernate.transaction.jta.platform' to enable JTA platform integration)
2026-02-16T11:57:05.055+01:00  INFO 14028 --- [    Test worker] j.LocalContainerEntityManagerFactoryBean : Initialized JPA EntityManagerFactory for persistence unit 'default'
2026-02-16T11:57:05.454+01:00  INFO 14028 --- [    Test worker] o.s.d.j.r.query.QueryEnhancerFactory     : Hibernate is in classpath; If applicable, HQL parser will be used.
2026-02-16T11:57:06.485+01:00  WARN 14028 --- [    Test worker] JpaBaseConfiguration$JpaWebConfiguration : spring.jpa.open-in-view is enabled by default. Therefore, database queries may be performed during view rendering. Explicitly configure spring.jpa.open-in-view to disable this warning
2026-02-16T11:57:07.071+01:00  INFO 14028 --- [    Test worker] o.s.s.web.DefaultSecurityFilterChain     : Will secure any request with [org.springframework.security.web.session.DisableEncodeUrlFilter@1a524c6b, org.springframework.security.web.context.request.async.WebAsyncManagerIntegrationFilter@2408ca4c, org.springframework.security.web.context.SecurityContextHolderFilter@5ba4735c, org.springframework.security.web.header.HeaderWriterFilter@495c4ce7, org.springframework.web.filter.CorsFilter@2f7e2481, org.springframework.security.web.authentication.logout.LogoutFilter@2b8106f, org.springframework.security.web.authentication.www.BasicAuthenticationFilter@7a68818c, org.springframework.security.web.savedrequest.RequestCacheAwareFilter@f1b0658, org.springframework.security.web.servletapi.SecurityContextHolderAwareRequestFilter@4870d2e1, org.springframework.security.web.authentication.AnonymousAuthenticationFilter@5f745970, org.springframework.security.web.access.ExceptionTranslationFilter@2083bcfd, org.springframework.security.web.access.intercept.AuthorizationFilter@280d20fb]
2026-02-16T11:57:07.520+01:00  INFO 14028 --- [    Test worker] o.s.b.a.h2.H2ConsoleAutoConfiguration    : H2 console available at '/h2-console'. Database available at 'jdbc:h2:mem:testdb'
2026-02-16T11:57:07.723+01:00  INFO 14028 --- [    Test worker] o.s.b.t.m.w.SpringBootMockServletContext : Initializing Spring TestDispatcherServlet ''
2026-02-16T11:57:07.723+01:00  INFO 14028 --- [    Test worker] o.s.t.web.servlet.TestDispatcherServlet  : Initializing Servlet ''
2026-02-16T11:57:07.727+01:00  INFO 14028 --- [    Test worker] o.s.t.web.servlet.TestDispatcherServlet  : Completed initialization in 4 ms
2026-02-16T11:57:07.777+01:00  INFO 14028 --- [    Test worker] com.example.testit.AuthIntegrationTest   : Started AuthIntegrationTest in 6.166 seconds (process running for 7.306)
2026-02-16T11:57:08.999+01:00  WARN 14028 --- [    Test worker] o.s.w.s.h.HandlerMappingIntrospector     : Cache miss for REQUEST dispatch to '/tasks/1' (previous null). Performing CorsConfiguration lookup. This is logged once only at WARN level, and every time at TRACE.
]]></system-out>
  <system-err><![CDATA[WARNING: A Java agent has been loaded dynamically (C:\Users\HP\.gradle\caches\modules-2\files-2.1\net.bytebuddy\byte-buddy-agent\1.14.10\90ed94ac044ea8953b224304c762316e91fd6b31\byte-buddy-agent-1.14.10.jar)
WARNING: If a serviceability tool is in use, please run with -XX:+EnableDynamicAgentLoading to hide this warning
WARNING: If a serviceability tool is not in use, please run with -Djdk.instrument.traceUsage for more information
WARNING: Dynamic loading of agents will be disallowed by default in a future release
]]></system-err>
</testsuite>
