<?xml version="1.0" encoding="UTF-8"?>
<testsuite name="com.example.testit.TaskControllerTest" tests="3" skipped="0" failures="0" errors="0" timestamp="2026-02-16T09:10:41.644Z" hostname="DESKTOP-C8HVL3M" time="0.406">
  <properties/>
  <testcase name="createTask_shouldCreateTask()" classname="com.example.testit.TaskControllerTest" time="0.353"/>
  <testcase name="getTasksByUser_shouldReturnUserTasks()" classname="com.example.testit.TaskControllerTest" time="0.024"/>
  <testcase name="getAllTasks_shouldReturnEmptyList_initially()" classname="com.example.testit.TaskControllerTest" time="0.026"/>
  <system-out><![CDATA[2026-02-16T10:10:40.650+01:00  INFO 21248 --- [    Test worker] t.c.s.AnnotationConfigContextLoaderUtils : Could not detect default configuration classes for test class [com.example.testit.TaskControllerTest]: TaskControllerTest does not declare any static, non-private, non-final, nested classes annotated with @Configuration.
2026-02-16T10:10:40.665+01:00  INFO 21248 --- [    Test worker] .b.t.c.SpringBootTestContextBootstrapper : Found @SpringBootConfiguration com.example.testit.TestItApplication for test class com.example.testit.TaskControllerTest

  .   ____          _            __ _ _
 /\\ / ___'_ __ _ _(_)_ __  __ _ \ \ \ \
( ( )\___ | '_ | '_| | '_ \/ _` | \ \ \ \
 \\/  ___)| |_)| | | | | || (_| |  ) ) ) )
  '  |____| .__|_| |_|_| |_\__, | / / / /
 =========|_|==============|___/=/_/_/_/
 :: Spring Boot ::                (v3.2.0)

2026-02-16T10:10:40.708+01:00  INFO 21248 --- [    Test worker] com.example.testit.TaskControllerTest    : Starting TaskControllerTest using Java 21.0.8 with PID 21248 (started by HP in C:\Users\HP\test-it)
2026-02-16T10:10:40.708+01:00  INFO 21248 --- [    Test worker] com.example.testit.TaskControllerTest    : No active profile set, falling back to 1 default profile: "default"
2026-02-16T10:10:40.990+01:00  INFO 21248 --- [    Test worker] .s.d.r.c.RepositoryConfigurationDelegate : Bootstrapping Spring Data JPA repositories in DEFAULT mode.
2026-02-16T10:10:41.024+01:00  INFO 21248 --- [    Test worker] .s.d.r.c.RepositoryConfigurationDelegate : Finished Spring Data repository scanning in 32 ms. Found 2 JPA repository interfaces.
2026-02-16T10:10:41.177+01:00  INFO 21248 --- [    Test worker] o.hibernate.jpa.internal.util.LogHelper  : HHH000204: Processing PersistenceUnitInfo [name: default]
2026-02-16T10:10:41.185+01:00  INFO 21248 --- [    Test worker] o.h.c.internal.RegionFactoryInitiator    : HHH000026: Second-level cache disabled
2026-02-16T10:10:41.194+01:00  INFO 21248 --- [    Test worker] o.s.o.j.p.SpringPersistenceUnitInfo      : No LoadTimeWeaver setup: ignoring JPA class transformer
2026-02-16T10:10:41.196+01:00  INFO 21248 --- [    Test worker] com.zaxxer.hikari.HikariDataSource       : HikariPool-2 - Starting...
2026-02-16T10:10:41.198+01:00  INFO 21248 --- [    Test worker] com.zaxxer.hikari.pool.HikariPool        : HikariPool-2 - Added connection conn10: url=jdbc:h2:mem:testdb user=SA
2026-02-16T10:10:41.198+01:00  INFO 21248 --- [    Test worker] com.zaxxer.hikari.HikariDataSource       : HikariPool-2 - Start completed.
2026-02-16T10:10:41.200+01:00  WARN 21248 --- [    Test worker] org.hibernate.orm.deprecation            : HHH90000025: H2Dialect does not need to be specified explicitly using 'hibernate.dialect' (remove the property setting and it will be selected by default)
2026-02-16T10:10:41.265+01:00  INFO 21248 --- [    Test worker] o.h.e.t.j.p.i.JtaPlatformInitiator       : HHH000489: No JTA platform available (set 'hibernate.transaction.jta.platform' to enable JTA platform integration)
2026-02-16T10:10:41.279+01:00  INFO 21248 --- [    Test worker] j.LocalContainerEntityManagerFactoryBean : Initialized JPA EntityManagerFactory for persistence unit 'default'
2026-02-16T10:10:41.374+01:00  WARN 21248 --- [    Test worker] JpaBaseConfiguration$JpaWebConfiguration : spring.jpa.open-in-view is enabled by default. Therefore, database queries may be performed during view rendering. Explicitly configure spring.jpa.open-in-view to disable this warning
2026-02-16T10:10:41.479+01:00  INFO 21248 --- [    Test worker] o.s.s.web.DefaultSecurityFilterChain     : Will secure any request with [org.springframework.security.web.session.DisableEncodeUrlFilter@1490b1a4, org.springframework.security.web.context.request.async.WebAsyncManagerIntegrationFilter@28908c04, org.springframework.security.web.context.SecurityContextHolderFilter@636787fd, org.springframework.security.web.header.HeaderWriterFilter@5415ed48, org.springframework.web.filter.CorsFilter@2b9132ad, org.springframework.security.web.authentication.logout.LogoutFilter@5c00b341, org.springframework.security.web.authentication.www.BasicAuthenticationFilter@4d5399f4, org.springframework.security.web.savedrequest.RequestCacheAwareFilter@3e7e4aea, org.springframework.security.web.servletapi.SecurityContextHolderAwareRequestFilter@78835956, org.springframework.security.web.authentication.AnonymousAuthenticationFilter@7adc8212, org.springframework.security.web.access.ExceptionTranslationFilter@6845dfcc, org.springframework.security.web.access.intercept.AuthorizationFilter@72ce2982]
2026-02-16T10:10:41.547+01:00  INFO 21248 --- [    Test worker] o.s.b.a.h2.H2ConsoleAutoConfiguration    : H2 console available at '/h2-console'. Database available at 'jdbc:h2:mem:testdb'
2026-02-16T10:10:41.626+01:00  INFO 21248 --- [    Test worker] o.s.b.t.m.w.SpringBootMockServletContext : Initializing Spring TestDispatcherServlet ''
2026-02-16T10:10:41.627+01:00  INFO 21248 --- [    Test worker] o.s.t.web.servlet.TestDispatcherServlet  : Initializing Servlet ''
2026-02-16T10:10:41.629+01:00  INFO 21248 --- [    Test worker] o.s.t.web.servlet.TestDispatcherServlet  : Completed initialization in 2 ms
2026-02-16T10:10:41.639+01:00  INFO 21248 --- [    Test worker] com.example.testit.TaskControllerTest    : Started TaskControllerTest in 0.968 seconds (process running for 8.382)
2026-02-16T10:10:41.684+01:00  WARN 21248 --- [    Test worker] o.s.w.s.h.HandlerMappingIntrospector     : Cache miss for REQUEST dispatch to '/tasks' (previous null). Performing CorsConfiguration lookup. This is logged once only at WARN level, and every time at TRACE.
]]></system-out>
  <system-err><![CDATA[]]></system-err>
</testsuite>
