<?xml version="1.0" encoding="UTF-8"?>
<testsuite name="com.example.testit.service.TaskServiceIT" tests="2" skipped="0" failures="0" errors="0" timestamp="2026-01-23T16:56:43.066Z" hostname="DESKTOP-C8HVL3M" time="0.537">
  <properties/>
  <testcase name="testStartTaskIntegration()" classname="com.example.testit.service.TaskServiceIT" time="0.511"/>
  <testcase name="testCreateTaskIntegration()" classname="com.example.testit.service.TaskServiceIT" time="0.021"/>
  <system-out><![CDATA[17:56:29.552 [Test worker] INFO org.springframework.test.context.support.AnnotationConfigContextLoaderUtils -- Could not detect default configuration classes for test class [com.example.testit.service.TaskServiceIT]: TaskServiceIT does not declare any static, non-private, non-final, nested classes annotated with @Configuration.
17:56:29.809 [Test worker] INFO org.springframework.boot.test.context.SpringBootTestContextBootstrapper -- Found @SpringBootConfiguration com.example.testit.TestItApplication for test class com.example.testit.service.TaskServiceIT

  .   ____          _            __ _ _
 /\\ / ___'_ __ _ _(_)_ __  __ _ \ \ \ \
( ( )\___ | '_ | '_| | '_ \/ _` | \ \ \ \
 \\/  ___)| |_)| | | | | || (_| |  ) ) ) )
  '  |____| .__|_| |_|_| |_\__, | / / / /
 =========|_|==============|___/=/_/_/_/
 :: Spring Boot ::                (v3.2.0)

2026-01-23T17:56:30.887+01:00  INFO 21684 --- [    Test worker] c.example.testit.service.TaskServiceIT   : Starting TaskServiceIT using Java 21.0.8 with PID 21684 (started by HP in C:\Users\HP\test-it)
2026-01-23T17:56:30.891+01:00  INFO 21684 --- [    Test worker] c.example.testit.service.TaskServiceIT   : No active profile set, falling back to 1 default profile: "default"
2026-01-23T17:56:32.499+01:00  INFO 21684 --- [    Test worker] .s.d.r.c.RepositoryConfigurationDelegate : Bootstrapping Spring Data JPA repositories in DEFAULT mode.
2026-01-23T17:56:32.653+01:00  INFO 21684 --- [    Test worker] .s.d.r.c.RepositoryConfigurationDelegate : Finished Spring Data repository scanning in 114 ms. Found 2 JPA repository interfaces.
2026-01-23T17:56:35.815+01:00  INFO 21684 --- [    Test worker] o.hibernate.jpa.internal.util.LogHelper  : HHH000204: Processing PersistenceUnitInfo [name: default]
2026-01-23T17:56:36.064+01:00  INFO 21684 --- [    Test worker] org.hibernate.Version                    : HHH000412: Hibernate ORM core version 6.3.1.Final
2026-01-23T17:56:36.211+01:00  INFO 21684 --- [    Test worker] o.h.c.internal.RegionFactoryInitiator    : HHH000026: Second-level cache disabled
2026-01-23T17:56:36.567+01:00  INFO 21684 --- [    Test worker] o.s.o.j.p.SpringPersistenceUnitInfo      : No LoadTimeWeaver setup: ignoring JPA class transformer
2026-01-23T17:56:36.641+01:00  INFO 21684 --- [    Test worker] com.zaxxer.hikari.HikariDataSource       : HikariPool-1 - Starting...
2026-01-23T17:56:37.182+01:00  INFO 21684 --- [    Test worker] com.zaxxer.hikari.pool.HikariPool        : HikariPool-1 - Added connection conn0: url=jdbc:h2:mem:testdb user=SA
2026-01-23T17:56:37.189+01:00  INFO 21684 --- [    Test worker] com.zaxxer.hikari.HikariDataSource       : HikariPool-1 - Start completed.
2026-01-23T17:56:37.277+01:00  WARN 21684 --- [    Test worker] org.hibernate.orm.deprecation            : HHH90000025: H2Dialect does not need to be specified explicitly using 'hibernate.dialect' (remove the property setting and it will be selected by default)
2026-01-23T17:56:39.378+01:00  INFO 21684 --- [    Test worker] o.h.e.t.j.p.i.JtaPlatformInitiator       : HHH000489: No JTA platform available (set 'hibernate.transaction.jta.platform' to enable JTA platform integration)
2026-01-23T17:56:39.480+01:00  INFO 21684 --- [    Test worker] j.LocalContainerEntityManagerFactoryBean : Initialized JPA EntityManagerFactory for persistence unit 'default'
2026-01-23T17:56:40.263+01:00  INFO 21684 --- [    Test worker] o.s.d.j.r.query.QueryEnhancerFactory     : Hibernate is in classpath; If applicable, HQL parser will be used.
2026-01-23T17:56:41.990+01:00  WARN 21684 --- [    Test worker] JpaBaseConfiguration$JpaWebConfiguration : spring.jpa.open-in-view is enabled by default. Therefore, database queries may be performed during view rendering. Explicitly configure spring.jpa.open-in-view to disable this warning
2026-01-23T17:56:42.859+01:00  INFO 21684 --- [    Test worker] o.s.b.a.h2.H2ConsoleAutoConfiguration    : H2 console available at '/h2-console'. Database available at 'jdbc:h2:mem:testdb'
2026-01-23T17:56:43.007+01:00  INFO 21684 --- [    Test worker] c.example.testit.service.TaskServiceIT   : Started TaskServiceIT in 12.741 seconds (process running for 15.349)
]]></system-out>
  <system-err><![CDATA[WARNING: A Java agent has been loaded dynamically (C:\Users\HP\.gradle\caches\modules-2\files-2.1\net.bytebuddy\byte-buddy-agent\1.14.10\90ed94ac044ea8953b224304c762316e91fd6b31\byte-buddy-agent-1.14.10.jar)
WARNING: If a serviceability tool is in use, please run with -XX:+EnableDynamicAgentLoading to hide this warning
WARNING: If a serviceability tool is not in use, please run with -Djdk.instrument.traceUsage for more information
WARNING: Dynamic loading of agents will be disallowed by default in a future release
]]></system-err>
</testsuite>
