<?xml version="1.0" encoding="UTF-8"?>
<testsuite name="com.example.testit.TaskServiceIntegrationTest" tests="7" skipped="0" failures="0" errors="0" timestamp="2026-02-16T10:57:14.459Z" hostname="DESKTOP-C8HVL3M" time="0.345">
  <properties/>
  <testcase name="findByUserId_shouldReturnUserTasks()" classname="com.example.testit.TaskServiceIntegrationTest" time="0.107"/>
  <testcase name="startTask_shouldFail_whenUserHasMultipleOngoingTasks()" classname="com.example.testit.TaskServiceIntegrationTest" time="0.061"/>
  <testcase name="startTask_shouldStartTaskAndUpdateDatabase()" classname="com.example.testit.TaskServiceIntegrationTest" time="0.035"/>
  <testcase name="createTask_shouldCreateTaskInDatabase()" classname="com.example.testit.TaskServiceIntegrationTest" time="0.028"/>
  <testcase name="finishTask_shouldSendMailToManager_whenManagerExists()" classname="com.example.testit.TaskServiceIntegrationTest" time="0.04"/>
  <testcase name="startTask_shouldFail_whenTaskNotAssigned()" classname="com.example.testit.TaskServiceIntegrationTest" time="0.03"/>
  <testcase name="finishTask_shouldFinishTaskAndUpdateDatabase()" classname="com.example.testit.TaskServiceIntegrationTest" time="0.036"/>
  <system-out><![CDATA[2026-02-16T11:57:13.705+01:00  INFO 14028 --- [    Test worker] t.c.s.AnnotationConfigContextLoaderUtils : Could not detect default configuration classes for test class [com.example.testit.TaskServiceIntegrationTest]: TaskServiceIntegrationTest does not declare any static, non-private, non-final, nested classes annotated with @Configuration.
2026-02-16T11:57:13.708+01:00  INFO 14028 --- [    Test worker] .b.t.c.SpringBootTestContextBootstrapper : Found @SpringBootConfiguration com.example.testit.TestItApplication for test class com.example.testit.TaskServiceIntegrationTest

  .   ____          _            __ _ _
 /\\ / ___'_ __ _ _(_)_ __  __ _ \ \ \ \
( ( )\___ | '_ | '_| | '_ \/ _` | \ \ \ \
 \\/  ___)| |_)| | | | | || (_| |  ) ) ) )
  '  |____| .__|_| |_|_| |_\__, | / / / /
 =========|_|==============|___/=/_/_/_/
 :: Spring Boot ::                (v3.2.0)

2026-02-16T11:57:13.741+01:00  INFO 14028 --- [    Test worker] c.e.testit.TaskServiceIntegrationTest    : Starting TaskServiceIntegrationTest using Java 21.0.8 with PID 14028 (started by HP in C:\Users\HP\test-it)
2026-02-16T11:57:13.741+01:00  INFO 14028 --- [    Test worker] c.e.testit.TaskServiceIntegrationTest    : No active profile set, falling back to 1 default profile: "default"
2026-02-16T11:57:13.943+01:00  INFO 14028 --- [    Test worker] .s.d.r.c.RepositoryConfigurationDelegate : Bootstrapping Spring Data JPA repositories in DEFAULT mode.
2026-02-16T11:57:13.960+01:00  INFO 14028 --- [    Test worker] .s.d.r.c.RepositoryConfigurationDelegate : Finished Spring Data repository scanning in 16 ms. Found 2 JPA repository interfaces.
2026-02-16T11:57:14.078+01:00  INFO 14028 --- [    Test worker] o.hibernate.jpa.internal.util.LogHelper  : HHH000204: Processing PersistenceUnitInfo [name: default]
2026-02-16T11:57:14.086+01:00  INFO 14028 --- [    Test worker] o.h.c.internal.RegionFactoryInitiator    : HHH000026: Second-level cache disabled
2026-02-16T11:57:14.107+01:00  INFO 14028 --- [    Test worker] o.s.o.j.p.SpringPersistenceUnitInfo      : No LoadTimeWeaver setup: ignoring JPA class transformer
2026-02-16T11:57:14.111+01:00  INFO 14028 --- [    Test worker] com.zaxxer.hikari.HikariDataSource       : HikariPool-2 - Starting...
2026-02-16T11:57:14.117+01:00  INFO 14028 --- [    Test worker] com.zaxxer.hikari.pool.HikariPool        : HikariPool-2 - Added connection conn20: url=jdbc:h2:mem:testdb user=SA
2026-02-16T11:57:14.118+01:00  INFO 14028 --- [    Test worker] com.zaxxer.hikari.HikariDataSource       : HikariPool-2 - Start completed.
2026-02-16T11:57:14.119+01:00  WARN 14028 --- [    Test worker] org.hibernate.orm.deprecation            : HHH90000025: H2Dialect does not need to be specified explicitly using 'hibernate.dialect' (remove the property setting and it will be selected by default)
2026-02-16T11:57:14.179+01:00  INFO 14028 --- [    Test worker] o.h.e.t.j.p.i.JtaPlatformInitiator       : HHH000489: No JTA platform available (set 'hibernate.transaction.jta.platform' to enable JTA platform integration)
2026-02-16T11:57:14.191+01:00  INFO 14028 --- [    Test worker] j.LocalContainerEntityManagerFactoryBean : Initialized JPA EntityManagerFactory for persistence unit 'default'
2026-02-16T11:57:14.282+01:00  WARN 14028 --- [    Test worker] JpaBaseConfiguration$JpaWebConfiguration : spring.jpa.open-in-view is enabled by default. Therefore, database queries may be performed during view rendering. Explicitly configure spring.jpa.open-in-view to disable this warning
2026-02-16T11:57:14.360+01:00  INFO 14028 --- [    Test worker] o.s.s.web.DefaultSecurityFilterChain     : Will secure any request with [org.springframework.security.web.session.DisableEncodeUrlFilter@3918a9f9, org.springframework.security.web.context.request.async.WebAsyncManagerIntegrationFilter@66752456, org.springframework.security.web.context.SecurityContextHolderFilter@1bbe7fcb, org.springframework.security.web.header.HeaderWriterFilter@4afd8f16, org.springframework.web.filter.CorsFilter@5de7948a, org.springframework.security.web.authentication.logout.LogoutFilter@95d1ba6, org.springframework.security.web.authentication.www.BasicAuthenticationFilter@5879197b, org.springframework.security.web.savedrequest.RequestCacheAwareFilter@52971afb, org.springframework.security.web.servletapi.SecurityContextHolderAwareRequestFilter@47d6d2a7, org.springframework.security.web.authentication.AnonymousAuthenticationFilter@4d45ec8c, org.springframework.security.web.access.ExceptionTranslationFilter@37e44608, org.springframework.security.web.access.intercept.AuthorizationFilter@12c53d97]
2026-02-16T11:57:14.419+01:00  INFO 14028 --- [    Test worker] o.s.b.a.h2.H2ConsoleAutoConfiguration    : H2 console available at '/h2-console'. Database available at 'jdbc:h2:mem:testdb'
2026-02-16T11:57:14.455+01:00  INFO 14028 --- [    Test worker] c.e.testit.TaskServiceIntegrationTest    : Started TaskServiceIntegrationTest in 0.743 seconds (process running for 13.985)
2026-02-16T11:57:14.614+01:00  INFO 14028 --- [    Test worker] c.e.testit.adapter.mail.MailServiceFake  : Fake Mail to user1: Tâche commencée - La tâche 'Task 1' a été commencée.
2026-02-16T11:57:14.659+01:00  INFO 14028 --- [    Test worker] c.e.testit.adapter.mail.MailServiceFake  : Fake Mail to user1: Tâche commencée - La tâche 'Task 1' a été commencée.
2026-02-16T11:57:14.725+01:00  INFO 14028 --- [    Test worker] c.e.testit.adapter.mail.MailServiceFake  : Fake Mail to user1: Tâche commencée - La tâche 'Task 1' a été commencée.
2026-02-16T11:57:14.729+01:00  INFO 14028 --- [    Test worker] c.e.testit.adapter.mail.MailServiceFake  : Fake Mail to user1: Tâche terminée - La tâche 'Task 1' a été terminée.
2026-02-16T11:57:14.730+01:00  INFO 14028 --- [    Test worker] c.e.testit.adapter.mail.MailServiceFake  : Fake Mail to manager: Tâche de votre subordonné terminée - La tâche 'Task 1' assignée à user1 a été terminée.
2026-02-16T11:57:14.797+01:00  INFO 14028 --- [    Test worker] c.e.testit.adapter.mail.MailServiceFake  : Fake Mail to user1: Tâche commencée - La tâche 'Task 1' a été commencée.
2026-02-16T11:57:14.801+01:00  INFO 14028 --- [    Test worker] c.e.testit.adapter.mail.MailServiceFake  : Fake Mail to user1: Tâche terminée - La tâche 'Task 1' a été terminée.
]]></system-out>
  <system-err><![CDATA[]]></system-err>
</testsuite>
