<?xml version="1.0" encoding="UTF-8"?>
<testsuite name="com.example.testit.TaskControllerTest" tests="8" skipped="0" failures="0" errors="0" timestamp="2026-02-16T10:57:10.496Z" hostname="DESKTOP-C8HVL3M" time="2.59">
  <properties/>
  <testcase name="admin_canDelete_butManager_cannotDelete()" classname="com.example.testit.TaskControllerTest" time="0.448"/>
  <testcase name="manager_canCreateAndAssign()" classname="com.example.testit.TaskControllerTest" time="0.39"/>
  <testcase name="createTask_shouldReturn401_whenNotAuthenticated()" classname="com.example.testit.TaskControllerTest" time="0.223"/>
  <testcase name="createTask_shouldCreateTask_whenAuthenticated()" classname="com.example.testit.TaskControllerTest" time="0.286"/>
  <testcase name="user_canReadTasks_butCannotCreate()" classname="com.example.testit.TaskControllerTest" time="0.357"/>
  <testcase name="getAllTasks_shouldReturn401_whenNotAuthenticated()" classname="com.example.testit.TaskControllerTest" time="0.225"/>
  <testcase name="user_cannotUpdateTask()" classname="com.example.testit.TaskControllerTest" time="0.376"/>
  <testcase name="getAllTasks_shouldReturn200_whenAuthenticated()" classname="com.example.testit.TaskControllerTest" time="0.278"/>
  <system-out><![CDATA[2026-02-16T11:57:10.485+01:00  INFO 14028 --- [    Test worker] t.c.s.AnnotationConfigContextLoaderUtils : Could not detect default configuration classes for test class [com.example.testit.TaskControllerTest]: TaskControllerTest does not declare any static, non-private, non-final, nested classes annotated with @Configuration.
2026-02-16T11:57:10.492+01:00  INFO 14028 --- [    Test worker] .b.t.c.SpringBootTestContextBootstrapper : Found @SpringBootConfiguration com.example.testit.TestItApplication for test class com.example.testit.TaskControllerTest
]]></system-out>
  <system-err><![CDATA[]]></system-err>
</testsuite>
